<testsuites id="" name="" tests="3" failures="3" skipped="0" errors="0" time="54.064706">
<testsuite name="audiobook-generation.spec.ts" timestamp="2026-02-15T01:23:51.087Z" hostname="chromium" tests="2" failures="2" skipped="0" time="18.982" errors="0">
<testcase name="Audiobook Generation E2E › should generate audiobook and show ongoing request in /requests page" classname="audiobook-generation.spec.ts" time="9.488">
<failure message="audiobook-generation.spec.ts:4:3 should generate audiobook and show ongoing request in /requests page" type="FAILURE">
<![CDATA[  [chromium] › audiobook-generation.spec.ts:4:3 › Audiobook Generation E2E › should generate audiobook and show ongoing request in /requests page 

    Error: expect(locator).toContainText(expected) failed

    Locator: locator('button').filter({ hasText: /Generate Screenplay/ })
    Expected substring: "Generate Screenplay"
    Timeout: 5000ms
    Error: element(s) not found

    Call log:
      - Expect "toContainText" with timeout 5000ms
      - waiting for locator('button').filter({ hasText: /Generate Screenplay/ })


      35 |
      36 |     // Wait for the request to be sent (button should become disabled and show "Generating...")
    > 37 |     await expect(generateButton).toContainText('Generate Screenplay');
         |                                  ^
      38 |     await expect(generateButton).toBeDisabled();
      39 |
      40 |     // Navigate to the requests/ongoing page
        at C:\Users\defaultuser0\WORK\open-router1235\tests\e2e\audiobook-generation.spec.ts:37:34

    Error Context: ..\..\test-results\audiobook-generation-Audio-4cfaa-ng-request-in-requests-page-chromium\error-context.md
]]>
</failure>
<system-out>
<![CDATA[
[[ATTACHMENT|audiobook-generation-Audio-4cfaa-ng-request-in-requests-page-chromium\error-context.md]]
]]>
</system-out>
</testcase>
<testcase name="Audiobook Generation E2E › should show request with audiobook details" classname="audiobook-generation.spec.ts" time="9.494">
<failure message="audiobook-generation.spec.ts:66:3 should show request with audiobook details" type="FAILURE">
<![CDATA[  [chromium] › audiobook-generation.spec.ts:66:3 › Audiobook Generation E2E › should show request with audiobook details 

    Error: expect(locator).toContainText(expected) failed

    Locator: locator('button').filter({ hasText: /Generate Screenplay/ })
    Expected substring: "Generate Screenplay"
    Timeout: 5000ms
    Error: element(s) not found

    Call log:
      - Expect "toContainText" with timeout 5000ms
      - waiting for locator('button').filter({ hasText: /Generate Screenplay/ })


      88 |
      89 |     // Wait for generation to start
    > 90 |     await expect(generateButton).toContainText('Generate Screenplay');
         |                                  ^
      91 |
      92 |     // Navigate to requests page
      93 |     await page.goto('/requests', { waitUntil: 'domcontentloaded' });
        at C:\Users\defaultuser0\WORK\open-router1235\tests\e2e\audiobook-generation.spec.ts:90:34

    Error Context: ..\..\test-results\audiobook-generation-Audio-14aa0-uest-with-audiobook-details-chromium\error-context.md
]]>
</failure>
<system-out>
<![CDATA[
[[ATTACHMENT|audiobook-generation-Audio-14aa0-uest-with-audiobook-details-chromium\error-context.md]]
]]>
</system-out>
</testcase>
</testsuite>
<testsuite name="navigation.spec.ts" timestamp="2026-02-15T01:23:51.087Z" hostname="chromium" tests="1" failures="1" skipped="0" time="3.142" errors="0">
<testcase name="App Navigation - No JS Errors › should navigate to all routes without JS errors" classname="navigation.spec.ts" time="3.142">
<failure message="navigation.spec.ts:15:3 should navigate to all routes without JS errors" type="FAILURE">
<![CDATA[  [chromium] › navigation.spec.ts:15:3 › App Navigation - No JS Errors › should navigate to all routes without JS errors 

    Error: Console error occurred on route /generator: Failed to load format: TypeError: Failed to fetch
        at http://localhost:5173/src/useScreenplay.ts?t=1771114478980:43:5
        at commitHookEffectListMount (http://localhost:5173/node_modules/.vite/deps/chunk-PQ3JVYBY.js?v=dcfb8597:16961:34)
        at invokePassiveEffectMountInDEV (http://localhost:5173/node_modules/.vite/deps/chunk-PQ3JVYBY.js?v=dcfb8597:18372:19)
        at invokeEffectsInDev (http://localhost:5173/node_modules/.vite/deps/chunk-PQ3JVYBY.js?v=dcfb8597:19752:19)
        at commitDoubleInvokeEffectsInDEV (http://localhost:5173/node_modules/.vite/deps/chunk-PQ3JVYBY.js?v=dcfb8597:19737:15)
        at flushPassiveEffectsImpl (http://localhost:5173/node_modules/.vite/deps/chunk-PQ3JVYBY.js?v=dcfb8597:19554:13)
        at flushPassiveEffects (http://localhost:5173/node_modules/.vite/deps/chunk-PQ3JVYBY.js?v=dcfb8597:19498:22)
        at http://localhost:5173/node_modules/.vite/deps/chunk-PQ3JVYBY.js?v=dcfb8597:19379:17
        at workLoop (http://localhost:5173/node_modules/.vite/deps/chunk-PQ3JVYBY.js?v=dcfb8597:195:42)
        at flushWork (http://localhost:5173/node_modules/.vite/deps/chunk-PQ3JVYBY.js?v=dcfb8597:174:22)

    expect(received).toHaveLength(expected)

    Expected length: 0
    Received length: 2
    Received array:  ["Failed to load format: TypeError: Failed to fetch
        at http://localhost:5173/src/useScreenplay.ts?t=1771114478980:43:5
        at commitHookEffectListMount (http://localhost:5173/node_modules/.vite/deps/chunk-PQ3JVYBY.js?v=dcfb8597:16961:34)
        at invokePassiveEffectMountInDEV (http://localhost:5173/node_modules/.vite/deps/chunk-PQ3JVYBY.js?v=dcfb8597:18372:19)
        at invokeEffectsInDev (http://localhost:5173/node_modules/.vite/deps/chunk-PQ3JVYBY.js?v=dcfb8597:19752:19)
        at commitDoubleInvokeEffectsInDEV (http://localhost:5173/node_modules/.vite/deps/chunk-PQ3JVYBY.js?v=dcfb8597:19737:15)
        at flushPassiveEffectsImpl (http://localhost:5173/node_modules/.vite/deps/chunk-PQ3JVYBY.js?v=dcfb8597:19554:13)
        at flushPassiveEffects (http://localhost:5173/node_modules/.vite/deps/chunk-PQ3JVYBY.js?v=dcfb8597:19498:22)
        at http://localhost:5173/node_modules/.vite/deps/chunk-PQ3JVYBY.js?v=dcfb8597:19379:17
        at workLoop (http://localhost:5173/node_modules/.vite/deps/chunk-PQ3JVYBY.js?v=dcfb8597:195:42)
        at flushWork (http://localhost:5173/node_modules/.vite/deps/chunk-PQ3JVYBY.js?v=dcfb8597:174:22)", "Failed to load format: TypeError: Failed to fetch
        at http://localhost:5173/src/useScreenplay.ts?t=1771114478980:43:5
        at commitHookEffectListMount (http://localhost:5173/node_modules/.vite/deps/chunk-PQ3JVYBY.js?v=dcfb8597:16961:34)
        at invokePassiveEffectMountInDEV (http://localhost:5173/node_modules/.vite/deps/chunk-PQ3JVYBY.js?v=dcfb8597:18372:19)
        at invokeEffectsInDev (http://localhost:5173/node_modules/.vite/deps/chunk-PQ3JVYBY.js?v=dcfb8597:19752:19)
        at commitDoubleInvokeEffectsInDEV (http://localhost:5173/node_modules/.vite/deps/chunk-PQ3JVYBY.js?v=dcfb8597:19737:15)
        at flushPassiveEffectsImpl (http://localhost:5173/node_modules/.vite/deps/chunk-PQ3JVYBY.js?v=dcfb8597:19554:13)
        at flushPassiveEffects (http://localhost:5173/node_modules/.vite/deps/chunk-PQ3JVYBY.js?v=dcfb8597:19498:22)
        at http://localhost:5173/node_modules/.vite/deps/chunk-PQ3JVYBY.js?v=dcfb8597:19379:17
        at workLoop (http://localhost:5173/node_modules/.vite/deps/chunk-PQ3JVYBY.js?v=dcfb8597:195:42)
        at flushWork (http://localhost:5173/node_modules/.vite/deps/chunk-PQ3JVYBY.js?v=dcfb8597:174:22)"]
        at http://localhost:5173/src/useScreenplay.ts?t=1771114478980:43:5
        at commitHookEffectListMount (http://localhost:5173/node_modules/.vite/deps/chunk-PQ3JVYBY.js?v=dcfb8597:16961:34)
        at invokePassiveEffectMountInDEV (http://localhost:5173/node_modules/.vite/deps/chunk-PQ3JVYBY.js?v=dcfb8597:18372:19)
        at invokeEffectsInDev (http://localhost:5173/node_modules/.vite/deps/chunk-PQ3JVYBY.js?v=dcfb8597:19752:19)
        at commitDoubleInvokeEffectsInDEV (http://localhost:5173/node_modules/.vite/deps/chunk-PQ3JVYBY.js?v=dcfb8597:19737:15)
        at flushPassiveEffectsImpl (http://localhost:5173/node_modules/.vite/deps/chunk-PQ3JVYBY.js?v=dcfb8597:19554:13)
        at flushPassiveEffects (http://localhost:5173/node_modules/.vite/deps/chunk-PQ3JVYBY.js?v=dcfb8597:19498:22)
        at http://localhost:5173/node_modules/.vite/deps/chunk-PQ3JVYBY.js?v=dcfb8597:19379:17
        at workLoop (http://localhost:5173/node_modules/.vite/deps/chunk-PQ3JVYBY.js?v=dcfb8597:195:42)
        at flushWork (http://localhost:5173/node_modules/.vite/deps/chunk-PQ3JVYBY.js?v=dcfb8597:174:22)
        at C:\Users\defaultuser0\WORK\open-router1235\tests\e2e\navigation.spec.ts:44:9

    Error Context: ..\..\test-results\navigation-App-Navigation--8b298-ll-routes-without-JS-errors-chromium\error-context.md
]]>
</failure>
<system-out>
<![CDATA[
[[ATTACHMENT|navigation-App-Navigation--8b298-ll-routes-without-JS-errors-chromium\error-context.md]]
]]>
</system-out>
</testcase>
</testsuite>
</testsuites>